0 silly argv {
0 silly argv   _: [ 'version' ],
0 silly argv   yes: true,
0 silly argv   y: true,
0 silly argv   'force-publish': true,
0 silly argv   forcePublish: true,
0 silly argv   lernaVersion: '4.0.0',
0 silly argv   '$0': '/Users/madshargreave/Projects/geis-labs/website/node_modules/.bin/lerna',
0 silly argv   bump: 'patch'
0 silly argv }
1 notice cli v4.0.0
2 verbose rootPath /Users/madshargreave/Projects/geis-labs/website
3 info current version 0.0.83
4 silly isAnythingCommitted
5 verbose isAnythingCommitted 1
6 silly getCurrentBranch
7 verbose currentBranch master
8 silly remoteBranchExists
9 silly isBehindUpstream
10 error Error: Command failed with exit code 1: git remote update
10 error ssh: connect to host ssh.github.com port 443: Undefined error: 0
10 error fatal: Could not read from remote repository.
10 error
10 error Please make sure you have the correct access rights
10 error and the repository exists.
10 error error: Could not fetch origin
10 error Fetching origin
10 error     at makeError (/Users/madshargreave/Projects/geis-labs/website/node_modules/execa/lib/error.js:60:11)
10 error     at Function.module.exports.sync (/Users/madshargreave/Projects/geis-labs/website/node_modules/execa/index.js:194:17)
10 error     at Object.execSync (/Users/madshargreave/Projects/geis-labs/website/node_modules/@lerna/child-process/index.js:39:16)
10 error     at updateRemote (/Users/madshargreave/Projects/geis-labs/website/node_modules/@lerna/version/lib/is-behind-upstream.js:34:16)
10 error     at isBehindUpstream (/Users/madshargreave/Projects/geis-labs/website/node_modules/@lerna/version/lib/is-behind-upstream.js:16:3)
10 error     at VersionCommand.initialize (/Users/madshargreave/Projects/geis-labs/website/node_modules/@lerna/version/index.js:153:9)
